<?xml version="1.0" encoding="UTF-8"?>
<testsuite xmlns:xsi="http://www.w3.org/2001/XMLSchema-instance" xsi:noNamespaceSchemaLocation="https://maven.apache.org/surefire/maven-surefire-plugin/xsd/surefire-test-report.xsd" name="com.mg.lock.demo.DemoApplicationTests" time="3.307" tests="1" errors="0" skipped="0" failures="0">
  <properties>
    <property name="sun.desktop" value="windows"/>
    <property name="awt.toolkit" value="sun.awt.windows.WToolkit"/>
    <property name="file.encoding.pkg" value="sun.io"/>
    <property name="java.specification.version" value="1.8"/>
    <property name="sun.cpu.isalist" value="amd64"/>
    <property name="sun.jnu.encoding" value="GBK"/>
    <property name="java.class.path" value="D:\core\mg\knowledge\demo\boot\lock\target\test-classes;D:\core\mg\knowledge\demo\boot\lock\target\classes;C:\Users\matao\.m2\repository\org\springframework\boot\spring-boot-starter-test\2.3.0.RELEASE\spring-boot-starter-test-2.3.0.RELEASE.jar;C:\Users\matao\.m2\repository\org\springframework\boot\spring-boot-starter\2.3.0.RELEASE\spring-boot-starter-2.3.0.RELEASE.jar;C:\Users\matao\.m2\repository\org\springframework\boot\spring-boot-starter-logging\2.3.0.RELEASE\spring-boot-starter-logging-2.3.0.RELEASE.jar;C:\Users\matao\.m2\repository\ch\qos\logback\logback-classic\1.2.3\logback-classic-1.2.3.jar;C:\Users\matao\.m2\repository\ch\qos\logback\logback-core\1.2.3\logback-core-1.2.3.jar;C:\Users\matao\.m2\repository\org\apache\logging\log4j\log4j-to-slf4j\2.13.2\log4j-to-slf4j-2.13.2.jar;C:\Users\matao\.m2\repository\org\apache\logging\log4j\log4j-api\2.13.2\log4j-api-2.13.2.jar;C:\Users\matao\.m2\repository\org\slf4j\jul-to-slf4j\1.7.30\jul-to-slf4j-1.7.30.jar;C:\Users\matao\.m2\repository\jakarta\annotation\jakarta.annotation-api\1.3.5\jakarta.annotation-api-1.3.5.jar;C:\Users\matao\.m2\repository\org\springframework\boot\spring-boot-test\2.3.0.RELEASE\spring-boot-test-2.3.0.RELEASE.jar;C:\Users\matao\.m2\repository\org\springframework\boot\spring-boot-test-autoconfigure\2.3.0.RELEASE\spring-boot-test-autoconfigure-2.3.0.RELEASE.jar;C:\Users\matao\.m2\repository\com\jayway\jsonpath\json-path\2.4.0\json-path-2.4.0.jar;C:\Users\matao\.m2\repository\net\minidev\json-smart\2.3\json-smart-2.3.jar;C:\Users\matao\.m2\repository\net\minidev\accessors-smart\1.2\accessors-smart-1.2.jar;C:\Users\matao\.m2\repository\org\ow2\asm\asm\5.0.4\asm-5.0.4.jar;C:\Users\matao\.m2\repository\jakarta\xml\bind\jakarta.xml.bind-api\2.3.3\jakarta.xml.bind-api-2.3.3.jar;C:\Users\matao\.m2\repository\jakarta\activation\jakarta.activation-api\1.2.2\jakarta.activation-api-1.2.2.jar;C:\Users\matao\.m2\repository\org\assertj\assertj-core\3.16.1\assertj-core-3.16.1.jar;C:\Users\matao\.m2\repository\org\hamcrest\hamcrest\2.2\hamcrest-2.2.jar;C:\Users\matao\.m2\repository\org\junit\jupiter\junit-jupiter\5.6.2\junit-jupiter-5.6.2.jar;C:\Users\matao\.m2\repository\org\junit\jupiter\junit-jupiter-api\5.6.2\junit-jupiter-api-5.6.2.jar;C:\Users\matao\.m2\repository\org\opentest4j\opentest4j\1.2.0\opentest4j-1.2.0.jar;C:\Users\matao\.m2\repository\org\junit\platform\junit-platform-commons\1.6.2\junit-platform-commons-1.6.2.jar;C:\Users\matao\.m2\repository\org\junit\jupiter\junit-jupiter-params\5.6.2\junit-jupiter-params-5.6.2.jar;C:\Users\matao\.m2\repository\org\junit\jupiter\junit-jupiter-engine\5.6.2\junit-jupiter-engine-5.6.2.jar;C:\Users\matao\.m2\repository\org\junit\vintage\junit-vintage-engine\5.6.2\junit-vintage-engine-5.6.2.jar;C:\Users\matao\.m2\repository\org\apiguardian\apiguardian-api\1.1.0\apiguardian-api-1.1.0.jar;C:\Users\matao\.m2\repository\org\junit\platform\junit-platform-engine\1.6.2\junit-platform-engine-1.6.2.jar;C:\Users\matao\.m2\repository\junit\junit\4.13\junit-4.13.jar;C:\Users\matao\.m2\repository\org\mockito\mockito-core\3.3.3\mockito-core-3.3.3.jar;C:\Users\matao\.m2\repository\net\bytebuddy\byte-buddy-agent\1.10.10\byte-buddy-agent-1.10.10.jar;C:\Users\matao\.m2\repository\org\objenesis\objenesis\2.6\objenesis-2.6.jar;C:\Users\matao\.m2\repository\org\mockito\mockito-junit-jupiter\3.3.3\mockito-junit-jupiter-3.3.3.jar;C:\Users\matao\.m2\repository\org\skyscreamer\jsonassert\1.5.0\jsonassert-1.5.0.jar;C:\Users\matao\.m2\repository\com\vaadin\external\google\android-json\0.0.20131108.vaadin1\android-json-0.0.20131108.vaadin1.jar;C:\Users\matao\.m2\repository\org\springframework\spring-core\5.2.6.RELEASE\spring-core-5.2.6.RELEASE.jar;C:\Users\matao\.m2\repository\org\springframework\spring-jcl\5.2.6.RELEASE\spring-jcl-5.2.6.RELEASE.jar;C:\Users\matao\.m2\repository\org\springframework\spring-test\5.2.6.RELEASE\spring-test-5.2.6.RELEASE.jar;C:\Users\matao\.m2\repository\org\xmlunit\xmlunit-core\2.7.0\xmlunit-core-2.7.0.jar;C:\Users\matao\.m2\repository\org\springframework\boot\spring-boot-autoconfigure\2.3.0.RELEASE\spring-boot-autoconfigure-2.3.0.RELEASE.jar;C:\Users\matao\.m2\repository\org\springframework\boot\spring-boot\2.3.0.RELEASE\spring-boot-2.3.0.RELEASE.jar;C:\Users\matao\.m2\repository\org\springframework\spring-context\5.2.6.RELEASE\spring-context-5.2.6.RELEASE.jar;C:\Users\matao\.m2\repository\org\springframework\boot\spring-boot-starter-web\2.3.0.RELEASE\spring-boot-starter-web-2.3.0.RELEASE.jar;C:\Users\matao\.m2\repository\org\springframework\boot\spring-boot-starter-json\2.3.0.RELEASE\spring-boot-starter-json-2.3.0.RELEASE.jar;C:\Users\matao\.m2\repository\com\fasterxml\jackson\datatype\jackson-datatype-jdk8\2.11.0\jackson-datatype-jdk8-2.11.0.jar;C:\Users\matao\.m2\repository\com\fasterxml\jackson\datatype\jackson-datatype-jsr310\2.11.0\jackson-datatype-jsr310-2.11.0.jar;C:\Users\matao\.m2\repository\com\fasterxml\jackson\module\jackson-module-parameter-names\2.11.0\jackson-module-parameter-names-2.11.0.jar;C:\Users\matao\.m2\repository\org\springframework\boot\spring-boot-starter-tomcat\2.3.0.RELEASE\spring-boot-starter-tomcat-2.3.0.RELEASE.jar;C:\Users\matao\.m2\repository\org\apache\tomcat\embed\tomcat-embed-core\9.0.35\tomcat-embed-core-9.0.35.jar;C:\Users\matao\.m2\repository\org\glassfish\jakarta.el\3.0.3\jakarta.el-3.0.3.jar;C:\Users\matao\.m2\repository\org\apache\tomcat\embed\tomcat-embed-websocket\9.0.35\tomcat-embed-websocket-9.0.35.jar;C:\Users\matao\.m2\repository\org\springframework\spring-web\5.2.6.RELEASE\spring-web-5.2.6.RELEASE.jar;C:\Users\matao\.m2\repository\org\springframework\spring-beans\5.2.6.RELEASE\spring-beans-5.2.6.RELEASE.jar;C:\Users\matao\.m2\repository\org\springframework\spring-webmvc\5.2.6.RELEASE\spring-webmvc-5.2.6.RELEASE.jar;C:\Users\matao\.m2\repository\org\springframework\spring-aop\5.2.6.RELEASE\spring-aop-5.2.6.RELEASE.jar;C:\Users\matao\.m2\repository\org\springframework\spring-expression\5.2.6.RELEASE\spring-expression-5.2.6.RELEASE.jar;C:\Users\matao\.m2\repository\org\redisson\redisson\3.13.1\redisson-3.13.1.jar;C:\Users\matao\.m2\repository\io\netty\netty-common\4.1.49.Final\netty-common-4.1.49.Final.jar;C:\Users\matao\.m2\repository\io\netty\netty-codec\4.1.49.Final\netty-codec-4.1.49.Final.jar;C:\Users\matao\.m2\repository\io\netty\netty-buffer\4.1.49.Final\netty-buffer-4.1.49.Final.jar;C:\Users\matao\.m2\repository\io\netty\netty-transport\4.1.49.Final\netty-transport-4.1.49.Final.jar;C:\Users\matao\.m2\repository\io\netty\netty-resolver\4.1.49.Final\netty-resolver-4.1.49.Final.jar;C:\Users\matao\.m2\repository\io\netty\netty-resolver-dns\4.1.49.Final\netty-resolver-dns-4.1.49.Final.jar;C:\Users\matao\.m2\repository\io\netty\netty-codec-dns\4.1.49.Final\netty-codec-dns-4.1.49.Final.jar;C:\Users\matao\.m2\repository\io\netty\netty-handler\4.1.49.Final\netty-handler-4.1.49.Final.jar;C:\Users\matao\.m2\repository\javax\cache\cache-api\1.1.1\cache-api-1.1.1.jar;C:\Users\matao\.m2\repository\io\projectreactor\reactor-core\3.3.5.RELEASE\reactor-core-3.3.5.RELEASE.jar;C:\Users\matao\.m2\repository\org\reactivestreams\reactive-streams\1.0.3\reactive-streams-1.0.3.jar;C:\Users\matao\.m2\repository\io\reactivex\rxjava2\rxjava\2.2.19\rxjava-2.2.19.jar;C:\Users\matao\.m2\repository\org\jboss\marshalling\jboss-marshalling-river\2.0.9.Final\jboss-marshalling-river-2.0.9.Final.jar;C:\Users\matao\.m2\repository\org\jboss\marshalling\jboss-marshalling\2.0.9.Final\jboss-marshalling-2.0.9.Final.jar;C:\Users\matao\.m2\repository\org\slf4j\slf4j-api\1.7.30\slf4j-api-1.7.30.jar;C:\Users\matao\.m2\repository\org\yaml\snakeyaml\1.26\snakeyaml-1.26.jar;C:\Users\matao\.m2\repository\com\fasterxml\jackson\dataformat\jackson-dataformat-yaml\2.11.0\jackson-dataformat-yaml-2.11.0.jar;C:\Users\matao\.m2\repository\com\fasterxml\jackson\core\jackson-core\2.11.0\jackson-core-2.11.0.jar;C:\Users\matao\.m2\repository\com\fasterxml\jackson\core\jackson-databind\2.11.0\jackson-databind-2.11.0.jar;C:\Users\matao\.m2\repository\com\fasterxml\jackson\core\jackson-annotations\2.11.0\jackson-annotations-2.11.0.jar;C:\Users\matao\.m2\repository\net\bytebuddy\byte-buddy\1.10.10\byte-buddy-1.10.10.jar;C:\Users\matao\.m2\repository\org\jodd\jodd-bean\5.0.13\jodd-bean-5.0.13.jar;C:\Users\matao\.m2\repository\org\jodd\jodd-core\5.0.13\jodd-core-5.0.13.jar;C:\Users\matao\.m2\repository\org\projectlombok\lombok\1.18.12\lombok-1.18.12.jar;C:\Users\matao\.m2\repository\org\apache\zookeeper\zookeeper\3.6.1\zookeeper-3.6.1.jar;C:\Users\matao\.m2\repository\commons-lang\commons-lang\2.6\commons-lang-2.6.jar;C:\Users\matao\.m2\repository\org\apache\zookeeper\zookeeper-jute\3.6.1\zookeeper-jute-3.6.1.jar;C:\Users\matao\.m2\repository\org\apache\yetus\audience-annotations\0.5.0\audience-annotations-0.5.0.jar;C:\Users\matao\.m2\repository\io\netty\netty-transport-native-epoll\4.1.49.Final\netty-transport-native-epoll-4.1.49.Final.jar;C:\Users\matao\.m2\repository\io\netty\netty-transport-native-unix-common\4.1.49.Final\netty-transport-native-unix-common-4.1.49.Final.jar;C:\Users\matao\.m2\repository\org\slf4j\slf4j-log4j12\1.7.30\slf4j-log4j12-1.7.30.jar;C:\Users\matao\.m2\repository\log4j\log4j\1.2.17\log4j-1.2.17.jar;C:\Users\matao\.m2\repository\org\apache\curator\curator-client\4.1.0\curator-client-4.1.0.jar;C:\Users\matao\.m2\repository\com\google\guava\guava\20.0\guava-20.0.jar;C:\Users\matao\.m2\repository\org\apache\curator\curator-framework\4.2.0\curator-framework-4.2.0.jar;C:\Users\matao\.m2\repository\org\apache\curator\curator-recipes\4.2.0\curator-recipes-4.2.0.jar;"/>
    <property name="java.vm.vendor" value="Oracle Corporation"/>
    <property name="sun.arch.data.model" value="64"/>
    <property name="user.variant" value=""/>
    <property name="java.vendor.url" value="http://java.oracle.com/"/>
    <property name="user.timezone" value="GMT+08:00"/>
    <property name="java.vm.specification.version" value="1.8"/>
    <property name="os.name" value="Windows 10"/>
    <property name="user.country" value="CN"/>
    <property name="sun.java.launcher" value="SUN_STANDARD"/>
    <property name="sun.boot.library.path" value="C:\Program Files\Java\jdk1.8.0_201\jre\bin"/>
    <property name="sun.java.command" value="C:\Users\matao\AppData\Local\Temp\surefire390240275203996691\surefirebooter8160318895853505413.jar C:\Users\matao\AppData\Local\Temp\surefire390240275203996691 2020-06-22T21-55-15_731-jvmRun1 surefire8116808840753985139tmp surefire_01175570172891991129tmp"/>
    <property name="surefire.test.class.path" value="D:\core\mg\knowledge\demo\boot\lock\target\test-classes;D:\core\mg\knowledge\demo\boot\lock\target\classes;C:\Users\matao\.m2\repository\org\springframework\boot\spring-boot-starter-test\2.3.0.RELEASE\spring-boot-starter-test-2.3.0.RELEASE.jar;C:\Users\matao\.m2\repository\org\springframework\boot\spring-boot-starter\2.3.0.RELEASE\spring-boot-starter-2.3.0.RELEASE.jar;C:\Users\matao\.m2\repository\org\springframework\boot\spring-boot-starter-logging\2.3.0.RELEASE\spring-boot-starter-logging-2.3.0.RELEASE.jar;C:\Users\matao\.m2\repository\ch\qos\logback\logback-classic\1.2.3\logback-classic-1.2.3.jar;C:\Users\matao\.m2\repository\ch\qos\logback\logback-core\1.2.3\logback-core-1.2.3.jar;C:\Users\matao\.m2\repository\org\apache\logging\log4j\log4j-to-slf4j\2.13.2\log4j-to-slf4j-2.13.2.jar;C:\Users\matao\.m2\repository\org\apache\logging\log4j\log4j-api\2.13.2\log4j-api-2.13.2.jar;C:\Users\matao\.m2\repository\org\slf4j\jul-to-slf4j\1.7.30\jul-to-slf4j-1.7.30.jar;C:\Users\matao\.m2\repository\jakarta\annotation\jakarta.annotation-api\1.3.5\jakarta.annotation-api-1.3.5.jar;C:\Users\matao\.m2\repository\org\springframework\boot\spring-boot-test\2.3.0.RELEASE\spring-boot-test-2.3.0.RELEASE.jar;C:\Users\matao\.m2\repository\org\springframework\boot\spring-boot-test-autoconfigure\2.3.0.RELEASE\spring-boot-test-autoconfigure-2.3.0.RELEASE.jar;C:\Users\matao\.m2\repository\com\jayway\jsonpath\json-path\2.4.0\json-path-2.4.0.jar;C:\Users\matao\.m2\repository\net\minidev\json-smart\2.3\json-smart-2.3.jar;C:\Users\matao\.m2\repository\net\minidev\accessors-smart\1.2\accessors-smart-1.2.jar;C:\Users\matao\.m2\repository\org\ow2\asm\asm\5.0.4\asm-5.0.4.jar;C:\Users\matao\.m2\repository\jakarta\xml\bind\jakarta.xml.bind-api\2.3.3\jakarta.xml.bind-api-2.3.3.jar;C:\Users\matao\.m2\repository\jakarta\activation\jakarta.activation-api\1.2.2\jakarta.activation-api-1.2.2.jar;C:\Users\matao\.m2\repository\org\assertj\assertj-core\3.16.1\assertj-core-3.16.1.jar;C:\Users\matao\.m2\repository\org\hamcrest\hamcrest\2.2\hamcrest-2.2.jar;C:\Users\matao\.m2\repository\org\junit\jupiter\junit-jupiter\5.6.2\junit-jupiter-5.6.2.jar;C:\Users\matao\.m2\repository\org\junit\jupiter\junit-jupiter-api\5.6.2\junit-jupiter-api-5.6.2.jar;C:\Users\matao\.m2\repository\org\opentest4j\opentest4j\1.2.0\opentest4j-1.2.0.jar;C:\Users\matao\.m2\repository\org\junit\platform\junit-platform-commons\1.6.2\junit-platform-commons-1.6.2.jar;C:\Users\matao\.m2\repository\org\junit\jupiter\junit-jupiter-params\5.6.2\junit-jupiter-params-5.6.2.jar;C:\Users\matao\.m2\repository\org\junit\jupiter\junit-jupiter-engine\5.6.2\junit-jupiter-engine-5.6.2.jar;C:\Users\matao\.m2\repository\org\junit\vintage\junit-vintage-engine\5.6.2\junit-vintage-engine-5.6.2.jar;C:\Users\matao\.m2\repository\org\apiguardian\apiguardian-api\1.1.0\apiguardian-api-1.1.0.jar;C:\Users\matao\.m2\repository\org\junit\platform\junit-platform-engine\1.6.2\junit-platform-engine-1.6.2.jar;C:\Users\matao\.m2\repository\junit\junit\4.13\junit-4.13.jar;C:\Users\matao\.m2\repository\org\mockito\mockito-core\3.3.3\mockito-core-3.3.3.jar;C:\Users\matao\.m2\repository\net\bytebuddy\byte-buddy-agent\1.10.10\byte-buddy-agent-1.10.10.jar;C:\Users\matao\.m2\repository\org\objenesis\objenesis\2.6\objenesis-2.6.jar;C:\Users\matao\.m2\repository\org\mockito\mockito-junit-jupiter\3.3.3\mockito-junit-jupiter-3.3.3.jar;C:\Users\matao\.m2\repository\org\skyscreamer\jsonassert\1.5.0\jsonassert-1.5.0.jar;C:\Users\matao\.m2\repository\com\vaadin\external\google\android-json\0.0.20131108.vaadin1\android-json-0.0.20131108.vaadin1.jar;C:\Users\matao\.m2\repository\org\springframework\spring-core\5.2.6.RELEASE\spring-core-5.2.6.RELEASE.jar;C:\Users\matao\.m2\repository\org\springframework\spring-jcl\5.2.6.RELEASE\spring-jcl-5.2.6.RELEASE.jar;C:\Users\matao\.m2\repository\org\springframework\spring-test\5.2.6.RELEASE\spring-test-5.2.6.RELEASE.jar;C:\Users\matao\.m2\repository\org\xmlunit\xmlunit-core\2.7.0\xmlunit-core-2.7.0.jar;C:\Users\matao\.m2\repository\org\springframework\boot\spring-boot-autoconfigure\2.3.0.RELEASE\spring-boot-autoconfigure-2.3.0.RELEASE.jar;C:\Users\matao\.m2\repository\org\springframework\boot\spring-boot\2.3.0.RELEASE\spring-boot-2.3.0.RELEASE.jar;C:\Users\matao\.m2\repository\org\springframework\spring-context\5.2.6.RELEASE\spring-context-5.2.6.RELEASE.jar;C:\Users\matao\.m2\repository\org\springframework\boot\spring-boot-starter-web\2.3.0.RELEASE\spring-boot-starter-web-2.3.0.RELEASE.jar;C:\Users\matao\.m2\repository\org\springframework\boot\spring-boot-starter-json\2.3.0.RELEASE\spring-boot-starter-json-2.3.0.RELEASE.jar;C:\Users\matao\.m2\repository\com\fasterxml\jackson\datatype\jackson-datatype-jdk8\2.11.0\jackson-datatype-jdk8-2.11.0.jar;C:\Users\matao\.m2\repository\com\fasterxml\jackson\datatype\jackson-datatype-jsr310\2.11.0\jackson-datatype-jsr310-2.11.0.jar;C:\Users\matao\.m2\repository\com\fasterxml\jackson\module\jackson-module-parameter-names\2.11.0\jackson-module-parameter-names-2.11.0.jar;C:\Users\matao\.m2\repository\org\springframework\boot\spring-boot-starter-tomcat\2.3.0.RELEASE\spring-boot-starter-tomcat-2.3.0.RELEASE.jar;C:\Users\matao\.m2\repository\org\apache\tomcat\embed\tomcat-embed-core\9.0.35\tomcat-embed-core-9.0.35.jar;C:\Users\matao\.m2\repository\org\glassfish\jakarta.el\3.0.3\jakarta.el-3.0.3.jar;C:\Users\matao\.m2\repository\org\apache\tomcat\embed\tomcat-embed-websocket\9.0.35\tomcat-embed-websocket-9.0.35.jar;C:\Users\matao\.m2\repository\org\springframework\spring-web\5.2.6.RELEASE\spring-web-5.2.6.RELEASE.jar;C:\Users\matao\.m2\repository\org\springframework\spring-beans\5.2.6.RELEASE\spring-beans-5.2.6.RELEASE.jar;C:\Users\matao\.m2\repository\org\springframework\spring-webmvc\5.2.6.RELEASE\spring-webmvc-5.2.6.RELEASE.jar;C:\Users\matao\.m2\repository\org\springframework\spring-aop\5.2.6.RELEASE\spring-aop-5.2.6.RELEASE.jar;C:\Users\matao\.m2\repository\org\springframework\spring-expression\5.2.6.RELEASE\spring-expression-5.2.6.RELEASE.jar;C:\Users\matao\.m2\repository\org\redisson\redisson\3.13.1\redisson-3.13.1.jar;C:\Users\matao\.m2\repository\io\netty\netty-common\4.1.49.Final\netty-common-4.1.49.Final.jar;C:\Users\matao\.m2\repository\io\netty\netty-codec\4.1.49.Final\netty-codec-4.1.49.Final.jar;C:\Users\matao\.m2\repository\io\netty\netty-buffer\4.1.49.Final\netty-buffer-4.1.49.Final.jar;C:\Users\matao\.m2\repository\io\netty\netty-transport\4.1.49.Final\netty-transport-4.1.49.Final.jar;C:\Users\matao\.m2\repository\io\netty\netty-resolver\4.1.49.Final\netty-resolver-4.1.49.Final.jar;C:\Users\matao\.m2\repository\io\netty\netty-resolver-dns\4.1.49.Final\netty-resolver-dns-4.1.49.Final.jar;C:\Users\matao\.m2\repository\io\netty\netty-codec-dns\4.1.49.Final\netty-codec-dns-4.1.49.Final.jar;C:\Users\matao\.m2\repository\io\netty\netty-handler\4.1.49.Final\netty-handler-4.1.49.Final.jar;C:\Users\matao\.m2\repository\javax\cache\cache-api\1.1.1\cache-api-1.1.1.jar;C:\Users\matao\.m2\repository\io\projectreactor\reactor-core\3.3.5.RELEASE\reactor-core-3.3.5.RELEASE.jar;C:\Users\matao\.m2\repository\org\reactivestreams\reactive-streams\1.0.3\reactive-streams-1.0.3.jar;C:\Users\matao\.m2\repository\io\reactivex\rxjava2\rxjava\2.2.19\rxjava-2.2.19.jar;C:\Users\matao\.m2\repository\org\jboss\marshalling\jboss-marshalling-river\2.0.9.Final\jboss-marshalling-river-2.0.9.Final.jar;C:\Users\matao\.m2\repository\org\jboss\marshalling\jboss-marshalling\2.0.9.Final\jboss-marshalling-2.0.9.Final.jar;C:\Users\matao\.m2\repository\org\slf4j\slf4j-api\1.7.30\slf4j-api-1.7.30.jar;C:\Users\matao\.m2\repository\org\yaml\snakeyaml\1.26\snakeyaml-1.26.jar;C:\Users\matao\.m2\repository\com\fasterxml\jackson\dataformat\jackson-dataformat-yaml\2.11.0\jackson-dataformat-yaml-2.11.0.jar;C:\Users\matao\.m2\repository\com\fasterxml\jackson\core\jackson-core\2.11.0\jackson-core-2.11.0.jar;C:\Users\matao\.m2\repository\com\fasterxml\jackson\core\jackson-databind\2.11.0\jackson-databind-2.11.0.jar;C:\Users\matao\.m2\repository\com\fasterxml\jackson\core\jackson-annotations\2.11.0\jackson-annotations-2.11.0.jar;C:\Users\matao\.m2\repository\net\bytebuddy\byte-buddy\1.10.10\byte-buddy-1.10.10.jar;C:\Users\matao\.m2\repository\org\jodd\jodd-bean\5.0.13\jodd-bean-5.0.13.jar;C:\Users\matao\.m2\repository\org\jodd\jodd-core\5.0.13\jodd-core-5.0.13.jar;C:\Users\matao\.m2\repository\org\projectlombok\lombok\1.18.12\lombok-1.18.12.jar;C:\Users\matao\.m2\repository\org\apache\zookeeper\zookeeper\3.6.1\zookeeper-3.6.1.jar;C:\Users\matao\.m2\repository\commons-lang\commons-lang\2.6\commons-lang-2.6.jar;C:\Users\matao\.m2\repository\org\apache\zookeeper\zookeeper-jute\3.6.1\zookeeper-jute-3.6.1.jar;C:\Users\matao\.m2\repository\org\apache\yetus\audience-annotations\0.5.0\audience-annotations-0.5.0.jar;C:\Users\matao\.m2\repository\io\netty\netty-transport-native-epoll\4.1.49.Final\netty-transport-native-epoll-4.1.49.Final.jar;C:\Users\matao\.m2\repository\io\netty\netty-transport-native-unix-common\4.1.49.Final\netty-transport-native-unix-common-4.1.49.Final.jar;C:\Users\matao\.m2\repository\org\slf4j\slf4j-log4j12\1.7.30\slf4j-log4j12-1.7.30.jar;C:\Users\matao\.m2\repository\log4j\log4j\1.2.17\log4j-1.2.17.jar;C:\Users\matao\.m2\repository\org\apache\curator\curator-client\4.1.0\curator-client-4.1.0.jar;C:\Users\matao\.m2\repository\com\google\guava\guava\20.0\guava-20.0.jar;C:\Users\matao\.m2\repository\org\apache\curator\curator-framework\4.2.0\curator-framework-4.2.0.jar;C:\Users\matao\.m2\repository\org\apache\curator\curator-recipes\4.2.0\curator-recipes-4.2.0.jar;"/>
    <property name="sun.cpu.endian" value="little"/>
    <property name="user.home" value="C:\Users\matao"/>
    <property name="user.language" value="zh"/>
    <property name="java.specification.vendor" value="Oracle Corporation"/>
    <property name="java.home" value="C:\Program Files\Java\jdk1.8.0_201\jre"/>
    <property name="basedir" value="D:\core\mg\knowledge\demo\boot\lock"/>
    <property name="file.separator" value="\"/>
    <property name="line.separator" value="&#10;"/>
    <property name="java.vm.specification.vendor" value="Oracle Corporation"/>
    <property name="java.specification.name" value="Java Platform API Specification"/>
    <property name="java.awt.graphicsenv" value="sun.awt.Win32GraphicsEnvironment"/>
    <property name="idea.version2020.1.1" value="true"/>
    <property name="surefire.real.class.path" value="C:\Users\matao\AppData\Local\Temp\surefire390240275203996691\surefirebooter8160318895853505413.jar"/>
    <property name="sun.boot.class.path" value="C:\Program Files\Java\jdk1.8.0_201\jre\lib\resources.jar;C:\Program Files\Java\jdk1.8.0_201\jre\lib\rt.jar;C:\Program Files\Java\jdk1.8.0_201\jre\lib\sunrsasign.jar;C:\Program Files\Java\jdk1.8.0_201\jre\lib\jsse.jar;C:\Program Files\Java\jdk1.8.0_201\jre\lib\jce.jar;C:\Program Files\Java\jdk1.8.0_201\jre\lib\charsets.jar;C:\Program Files\Java\jdk1.8.0_201\jre\lib\jfr.jar;C:\Program Files\Java\jdk1.8.0_201\jre\classes"/>
    <property name="user.script" value=""/>
    <property name="sun.management.compiler" value="HotSpot 64-Bit Tiered Compilers"/>
    <property name="java.runtime.version" value="1.8.0_201-b09"/>
    <property name="user.name" value="matao"/>
    <property name="path.separator" value=";"/>
    <property name="os.version" value="10.0"/>
    <property name="java.endorsed.dirs" value="C:\Program Files\Java\jdk1.8.0_201\jre\lib\endorsed"/>
    <property name="java.runtime.name" value="Java(TM) SE Runtime Environment"/>
    <property name="file.encoding" value="GBK"/>
    <property name="java.vm.name" value="Java HotSpot(TM) 64-Bit Server VM"/>
    <property name="localRepository" value="C:\Users\matao\.m2\repository"/>
    <property name="java.vendor.url.bug" value="http://bugreport.sun.com/bugreport/"/>
    <property name="java.io.tmpdir" value="C:\Users\matao\AppData\Local\Temp\"/>
    <property name="java.version" value="1.8.0_201"/>
    <property name="user.dir" value="D:\core\mg\knowledge\demo\boot\lock"/>
    <property name="os.arch" value="amd64"/>
    <property name="java.vm.specification.name" value="Java Virtual Machine Specification"/>
    <property name="java.awt.printerjob" value="sun.awt.windows.WPrinterJob"/>
    <property name="sun.os.patch.level" value=""/>
    <property name="java.library.path" value="C:\Program Files\Java\jdk1.8.0_201\jre\bin;C:\WINDOWS\Sun\Java\bin;C:\WINDOWS\system32;C:\WINDOWS;D:\tool\Xshell 6\;C:\Program Files (x86)\Common Files\Oracle\Java\javapath;C:\Program Files (x86)\Intel\iCLS Client\;C:\Program Files\Intel\iCLS Client\;C:\windows\system32;C:\windows;C:\windows\System32\Wbem;C:\windows\System32\WindowsPowerShell\v1.0\;C:\Program Files (x86)\Intel\Intel(R) Management Engine Components\DAL;C:\Program Files\Intel\Intel(R) Management Engine Components\DAL;C:\Program Files (x86)\Intel\Intel(R) Management Engine Components\IPT;C:\Program Files\Intel\Intel(R) Management Engine Components\IPT;C:\Program Files (x86)\NVIDIA Corporation\PhysX\Common;C:\Program Files\Java\jdk1.8.0_201\bin;C:\Program Files\Java\jdk1.8.0_201\jre\bin;D:\mysql\bin;D:\workSoft\mysql\bin;C:\Program Files\MySQL\MySQL Utilities 1.6\;C:\Program Files\Git\cmd;C:\WINDOWS\system32;C:\WINDOWS;C:\WINDOWS\System32\Wbem;C:\WINDOWS\System32\WindowsPowerShell\v1.0\;C:\WINDOWS\System32\OpenSSH\;C:\Program Files\TortoiseSVN\bin;C:\Program Files\TortoiseGit\bin;C:\Users\matao\AppData\Local\Microsoft\WindowsApps;C:\Users\matao\AppData\Local\GitHubDesktop\bin;%USERPROFILE%\AppData\Local\Microsoft\WindowsApps;;."/>
    <property name="java.vm.info" value="mixed mode"/>
    <property name="java.vendor" value="Oracle Corporation"/>
    <property name="java.vm.version" value="25.201-b09"/>
    <property name="java.ext.dirs" value="C:\Program Files\Java\jdk1.8.0_201\jre\lib\ext;C:\WINDOWS\Sun\Java\lib\ext"/>
    <property name="sun.io.unicode.encoding" value="UnicodeLittle"/>
    <property name="java.class.version" value="52.0"/>
  </properties>
  <testcase name="contextLoads" classname="com.mg.lock.demo.DemoApplicationTests" time="0.2"/>
</testsuite>